<?xml version="1.0" encoding="UTF-8"?>
<!-- Generated by org.testng.reporters.JUnitXMLReporter -->
<testsuite hostname="Kannapi" ignored="0" name="Test" tests="2" failures="1" timestamp="20 Nov 2022 15:39:59 GMT" time="10.649" errors="0">
  <testcase name="maleButtonSelected" time="0.798" classname="com.obsqura.selenium.TestNGSample.RadioButtonCombinations">
    <failure type="java.lang.AssertionError" message="expected [Gender :
Age group:] but found []">
      <![CDATA[java.lang.AssertionError: expected [Gender :
Age group:] but found []
	at com.obsqura.selenium.TestNGSample.RadioButtonCombinations.maleButtonSelected(RadioButtonCombinations.java:40)
... Removed 31 stack frames]]>
    </failure>
  </testcase> <!-- maleButtonSelected -->
  <testcase name="noRadioButtonsSelected" time="0.696" classname="com.obsqura.selenium.TestNGSample.RadioButtonCombinations"/>
</testsuite> <!-- Test -->
