<?xml version="1.0" encoding="UTF-8"?>
<!-- Generated by org.testng.reporters.JUnitReportReporter -->
<testsuite skipped="0" hostname="Kannapi" name="com.obsqura.selenium.TestNGSample.SelectByIndex" tests="4" failures="1" timestamp="23 Nov 2022 14:30:31 GMT" time="22.987" errors="0">
  <testcase name="getOptionsMethod" time="4.063" classname="com.obsqura.selenium.TestNGSample.SelectByIndex"/>
  <testcase name="selectByValue" time="9.360" classname="com.obsqura.selenium.TestNGSample.SelectByIndex"/>
  <testcase name="multiSelectDropdown" time="5.250" classname="com.obsqura.selenium.TestNGSample.SelectByIndex">
    <failure type="java.lang.AssertionError" message="Multiple selected dropdown values are not as expected expected [Selected Color : YellowGreen] but found [All selected colors are : Green]">
      <![CDATA[java.lang.AssertionError: Multiple selected dropdown values are not as expected expected [Selected Color : YellowGreen] but found [All selected colors are : Green]
	at org.testng.Assert.fail(Assert.java:93)
	at org.testng.Assert.failNotEquals(Assert.java:512)
	at org.testng.Assert.assertEqualsImpl(Assert.java:134)
	at org.testng.Assert.assertEquals(Assert.java:115)
	at org.testng.Assert.assertEquals(Assert.java:189)
	at com.obsqura.selenium.TestNGSample.SelectByIndex.multiSelectDropdown(SelectByIndex.java:59)
	at sun.reflect.NativeMethodAccessorImpl.invoke0(Native Method)
	at sun.reflect.NativeMethodAccessorImpl.invoke(Unknown Source)
	at sun.reflect.DelegatingMethodAccessorImpl.invoke(Unknown Source)
	at java.lang.reflect.Method.invoke(Unknown Source)
	at org.testng.internal.MethodInvocationHelper.invokeMethod(MethodInvocationHelper.java:108)
	at org.testng.internal.Invoker.invokeMethod(Invoker.java:661)
	at org.testng.internal.Invoker.invokeTestMethod(Invoker.java:869)
	at org.testng.internal.Invoker.invokeTestMethods(Invoker.java:1193)
	at org.testng.internal.TestMethodWorker.invokeTestMethods(TestMethodWorker.java:126)
	at org.testng.internal.TestMethodWorker.run(TestMethodWorker.java:109)
	at org.testng.TestRunner.privateRun(TestRunner.java:744)
	at org.testng.TestRunner.run(TestRunner.java:602)
	at org.testng.SuiteRunner.runTest(SuiteRunner.java:380)
	at org.testng.SuiteRunner.runSequentially(SuiteRunner.java:375)
	at org.testng.SuiteRunner.privateRun(SuiteRunner.java:340)
	at org.testng.SuiteRunner.run(SuiteRunner.java:289)
	at org.testng.SuiteRunnerWorker.runSuite(SuiteRunnerWorker.java:52)
	at org.testng.SuiteRunnerWorker.run(SuiteRunnerWorker.java:86)
	at org.testng.TestNG.runSuitesSequentially(TestNG.java:1301)
	at org.testng.TestNG.runSuitesLocally(TestNG.java:1226)
	at org.testng.TestNG.runSuites(TestNG.java:1144)
	at org.testng.TestNG.run(TestNG.java:1115)
	at org.testng.remote.AbstractRemoteTestNG.run(AbstractRemoteTestNG.java:132)
	at org.testng.remote.RemoteTestNG.initAndRun(RemoteTestNG.java:230)
	at org.testng.remote.RemoteTestNG.main(RemoteTestNG.java:76)
]]>
    </failure>
  </testcase> <!-- multiSelectDropdown -->
  <testcase name="selectDropdownByIndex" time="4.314" classname="com.obsqura.selenium.TestNGSample.SelectByIndex"/>
</testsuite> <!-- com.obsqura.selenium.TestNGSample.SelectByIndex -->
